1610518842588	geckodriver	INFO	Listening on 127.0.0.1:36465
1610518842601	mozrunner::runner	INFO	Running command: "/usr/bin/firefox" "--marionette" "-foreground" "-no-remote" "-profile" "/tmp/rust_mozprofilevIWBTU"
console.warn: SearchSettings: "get: No settings file exists, new profile?" (new Error("", "(unknown module)"))
1610518848473	Marionette	INFO	Listening on port 44599
1610518848798	Marionette	WARN	TLS certificate errors will be ignored for this session
console.warn: LoginRecipes: "getRecipes: falling back to a synchronous message for:" "https://dev.to"
console.error: "Error while calling actor 'pagestyle's method 'getApplied'" "node is null"
console.error: "getApplied@resource://devtools/server/actors/page-style.js:573:5\nhandler@resource://devtools/shared/protocol/Actor.js:172:37\nonPacket@resource://devtools/server/devtools-server-connection.js:379:58\nreceiveMessage@resource://devtools/shared/transport/child-transport.js:68:16\n"
console.error: "Error while calling actor 'pagestyle's method 'getLayout'" "node is null"
console.error: "getLayout@resource://devtools/server/actors/page-style.js:1005:5\nhandler@resource://devtools/shared/protocol/Actor.js:172:37\nonPacket@resource://devtools/server/devtools-server-connection.js:379:58\nreceiveMessage@resource://devtools/shared/transport/child-transport.js:68:16\n"
console.error: (new TypeError("parent is null", "resource://devtools/client/inspector/shared/style-change-tracker.js", 67))
TypeError: parent is null: canMutationImpactCurrentStyles@resource://devtools/client/inspector/shared/style-change-tracker.js:67:24
onMutations@resource://devtools/client/inspector/shared/style-change-tracker.js:84:41
_emit@resource://devtools/shared/event-emitter.js:226:34
emit@resource://devtools/shared/event-emitter.js:172:18
emit@resource://devtools/shared/event-emitter.js:324:18
getMutations@resource://devtools/client/fronts/walker.js:405:10

console.error: (new TypeError("container.node.targetFront is null", "resource://devtools/client/inspector/markup/markup.js", 2252))
console.error: (new Error("Protocol error (TypeError): node is null from: server0.conn0.child3/pagestyle26 (resource://devtools/server/actors/page-style.js:1005:5)", "resource://devtools/shared/protocol/Front.js", 361))
Exiting due to channel error.
Exiting due to channel error.
Exiting due to channel error.
Exiting due to channel error.
1610546435745	geckodriver	INFO	Listening on 127.0.0.1:52923
1610546436696	mozrunner::runner	INFO	Running command: "/usr/bin/firefox" "--marionette" "-foreground" "-no-remote" "-profile" "/tmp/rust_mozprofilenIL91U"
console.warn: SearchSettings: "get: No settings file exists, new profile?" (new Error("", "(unknown module)"))
1610546445142	Marionette	INFO	Listening on port 38847
1610546445344	Marionette	WARN	TLS certificate errors will be ignored for this session
JavaScript error: , line 0: InvalidStateError: An attempt was made to use an object that is not, or is no longer, usable
1610546580993	geckodriver	INFO	Listening on 127.0.0.1:34559
1610546580999	mozrunner::runner	INFO	Running command: "/usr/bin/firefox" "--marionette" "-foreground" "-no-remote" "-profile" "/tmp/rust_mozprofileqlQNxY"
console.warn: SearchSettings: "get: No settings file exists, new profile?" (new Error("", "(unknown module)"))
1610546584698	Marionette	INFO	Listening on port 44441
1610546584790	Marionette	WARN	TLS certificate errors will be ignored for this session
1610546591181	Marionette	INFO	Stopped listening on port 38847
JavaScript error: , line 0: InvalidStateError: An attempt was made to use an object that is not, or is no longer, usable

###!!! [Parent][RunMessage] Error: Channel closing: too late to send/recv, messages will be lost


###!!! [Parent][RunMessage] Error: Channel closing: too late to send/recv, messages will be lost


###!!! [Parent][RunMessage] Error: Channel closing: too late to send/recv, messages will be lost


###!!! [Parent][RunMessage] Error: Channel closing: too late to send/recv, messages will be lost


###!!! [Parent][RunMessage] Error: Channel closing: too late to send/recv, messages will be lost


###!!! [Parent][RunMessage] Error: Channel closing: too late to send/recv, messages will be lost


###!!! [Parent][RunMessage] Error: Channel closing: too late to send/recv, messages will be lost


###!!! [Parent][RunMessage] Error: Channel closing: too late to send/recv, messages will be lost


###!!! [Parent][RunMessage] Error: Channel closing: too late to send/recv, messages will be lost


###!!! [Parent][RunMessage] Error: Channel closing: too late to send/recv, messages will be lost


###!!! [Parent][RunMessage] Error: Channel closing: too late to send/recv, messages will be lost


###!!! [Parent][RunMessage] Error: Channel closing: too late to send/recv, messages will be lost


###!!! [Parent][RunMessage] Error: Channel closing: too late to send/recv, messages will be lost


###!!! [Parent][RunMessage] Error: Channel closing: too late to send/recv, messages will be lost


###!!! [Parent][RunMessage] Error: Channel closing: too late to send/recv, messages will be lost


###!!! [Parent][RunMessage] Error: Channel closing: too late to send/recv, messages will be lost


###!!! [Parent][RunMessage] Error: Channel closing: too late to send/recv, messages will be lost


###!!! [Parent][RunMessage] Error: Channel closing: too late to send/recv, messages will be lost


###!!! [Parent][RunMessage] Error: Channel closing: too late to send/recv, messages will be lost


###!!! [Parent][RunMessage] Error: Channel closing: too late to send/recv, messages will be lost


###!!! [Parent][RunMessage] Error: Channel closing: too late to send/recv, messages will be lost


###!!! [Parent][RunMessage] Error: Channel closing: too late to send/recv, messages will be lost


###!!! [Parent][RunMessage] Error: Channel closing: too late to send/recv, messages will be lost


###!!! [Parent][RunMessage] Error: Channel closing: too late to send/recv, messages will be lost


###!!! [Parent][RunMessage] Error: Channel closing: too late to send/recv, messages will be lost


###!!! [Parent][RunMessage] Error: Channel closing: too late to send/recv, messages will be lost


###!!! [Parent][RunMessage] Error: Channel closing: too late to send/recv, messages will be lost

1610546620289	Marionette	INFO	Stopped listening on port 44441
1610546675575	geckodriver	INFO	Listening on 127.0.0.1:43071
1610546675582	mozrunner::runner	INFO	Running command: "/usr/bin/firefox" "--marionette" "-foreground" "-no-remote" "-profile" "/tmp/rust_mozprofilev1wI7P"
console.warn: SearchSettings: "get: No settings file exists, new profile?" (new Error("", "(unknown module)"))
1610546679666	Marionette	INFO	Listening on port 39797
1610546679738	Marionette	WARN	TLS certificate errors will be ignored for this session
JavaScript error: , line 0: InvalidStateError: An attempt was made to use an object that is not, or is no longer, usable
IPDL protocol error: Handler returned error code!

###!!! [Parent][DispatchAsyncMessage] Error: PLayerTransaction::Msg_ReleaseLayer Processing error: message was deserialized, but the handler returned false (indicating failure)

1610546764052	Marionette	INFO	Stopped listening on port 39797
1610546845165	geckodriver	INFO	Listening on 127.0.0.1:37185
1610546845171	mozrunner::runner	INFO	Running command: "/usr/bin/firefox" "--marionette" "-foreground" "-no-remote" "-profile" "/tmp/rust_mozprofilenlmhpk"
console.warn: SearchSettings: "get: No settings file exists, new profile?" (new Error("", "(unknown module)"))
1610546849003	Marionette	INFO	Listening on port 33649
1610546849139	Marionette	WARN	TLS certificate errors will be ignored for this session
1610546871946	Marionette	INFO	Stopped listening on port 33649
1610546874763	geckodriver	INFO	Listening on 127.0.0.1:49527
1610546874769	mozrunner::runner	INFO	Running command: "/usr/bin/firefox" "--marionette" "-foreground" "-no-remote" "-profile" "/tmp/rust_mozprofile2Oy0zh"
console.warn: SearchSettings: "get: No settings file exists, new profile?" (new Error("", "(unknown module)"))
1610546881063	Marionette	INFO	Listening on port 37827
1610546881130	Marionette	WARN	TLS certificate errors will be ignored for this session
JavaScript error: , line 0: InvalidStateError: An attempt was made to use an object that is not, or is no longer, usable
1610546898600	Marionette	INFO	Stopped listening on port 37827
1610546925444	geckodriver	INFO	Listening on 127.0.0.1:41053
1610546925449	mozrunner::runner	INFO	Running command: "/usr/bin/firefox" "--marionette" "-foreground" "-no-remote" "-profile" "/tmp/rust_mozprofileFGzcPh"
console.warn: SearchSettings: "get: No settings file exists, new profile?" (new Error("", "(unknown module)"))
1610546929689	Marionette	INFO	Listening on port 41705
1610546929804	Marionette	WARN	TLS certificate errors will be ignored for this session
JavaScript error: resource://activity-stream/lib/ASRouter.jsm, line 987: NS_ERROR_ILLEGAL_VALUE: Component returned failure code: 0x80070057 (NS_ERROR_ILLEGAL_VALUE) [nsIObserverService.removeObserver]
1610547020674	Marionette	INFO	Stopped listening on port 41705
1610547023505	geckodriver	INFO	Listening on 127.0.0.1:56979
1610547023512	mozrunner::runner	INFO	Running command: "/usr/bin/firefox" "--marionette" "-foreground" "-no-remote" "-profile" "/tmp/rust_mozprofileCqrFIt"
console.warn: SearchSettings: "get: No settings file exists, new profile?" (new Error("", "(unknown module)"))
1610547027772	Marionette	INFO	Listening on port 37491
1610547027916	Marionette	WARN	TLS certificate errors will be ignored for this session
JavaScript error: , line 0: InvalidStateError: An attempt was made to use an object that is not, or is no longer, usable
1610547089908	Marionette	INFO	Stopped listening on port 37491

###!!! [Parent][RunMessage] Error: Channel closing: too late to send/recv, messages will be lost

1610547374544	geckodriver	INFO	Listening on 127.0.0.1:42131
1610547374550	mozrunner::runner	INFO	Running command: "/usr/bin/firefox" "--marionette" "-foreground" "-no-remote" "-profile" "/tmp/rust_mozprofilem5jKPZ"
console.warn: SearchSettings: "get: No settings file exists, new profile?" (new Error("", "(unknown module)"))
1610547378250	Marionette	INFO	Listening on port 32949
1610547378292	Marionette	WARN	TLS certificate errors will be ignored for this session
1610547412706	Marionette	INFO	Stopped listening on port 32949
1610547448961	geckodriver	INFO	Listening on 127.0.0.1:38489
1610547448966	mozrunner::runner	INFO	Running command: "/usr/bin/firefox" "--marionette" "-foreground" "-no-remote" "-profile" "/tmp/rust_mozprofileTgsNLt"
console.warn: SearchSettings: "get: No settings file exists, new profile?" (new Error("", "(unknown module)"))
1610547453501	Marionette	INFO	Listening on port 41961
1610547453669	Marionette	WARN	TLS certificate errors will be ignored for this session
JavaScript error: , line 0: InvalidStateError: An attempt was made to use an object that is not, or is no longer, usable
1610547460086	Marionette	INFO	Stopped listening on port 41961
JavaScript error: https://www.jiomart.com/assets/smartweb/js/lazysizes-umd.min.js, line 3: NS_ERROR_NOT_INITIALIZED: 
1610547490137	geckodriver	INFO	Listening on 127.0.0.1:58853
1610547490144	mozrunner::runner	INFO	Running command: "/usr/bin/firefox" "--marionette" "-foreground" "-no-remote" "-profile" "/tmp/rust_mozprofileqILzdA"
console.warn: SearchSettings: "get: No settings file exists, new profile?" (new Error("", "(unknown module)"))
1610547494189	Marionette	INFO	Listening on port 33297
1610547494291	Marionette	WARN	TLS certificate errors will be ignored for this session
JavaScript error: , line 0: InvalidStateError: An attempt was made to use an object that is not, or is no longer, usable
1610547520831	Marionette	INFO	Stopped listening on port 33297
1610547609728	geckodriver	INFO	Listening on 127.0.0.1:39629
1610547609734	mozrunner::runner	INFO	Running command: "/usr/bin/firefox" "--marionette" "-foreground" "-no-remote" "-profile" "/tmp/rust_mozprofileDAlwOy"
console.warn: SearchSettings: "get: No settings file exists, new profile?" (new Error("", "(unknown module)"))
1610547613783	Marionette	INFO	Listening on port 44591
1610547613889	Marionette	WARN	TLS certificate errors will be ignored for this session
JavaScript error: , line 0: InvalidStateError: An attempt was made to use an object that is not, or is no longer, usable
1610547644163	Marionette	INFO	Stopped listening on port 44591
1610547686538	geckodriver	INFO	Listening on 127.0.0.1:38703
1610547686544	mozrunner::runner	INFO	Running command: "/usr/bin/firefox" "--marionette" "-foreground" "-no-remote" "-profile" "/tmp/rust_mozprofilepn7FTR"
console.warn: SearchSettings: "get: No settings file exists, new profile?" (new Error("", "(unknown module)"))
1610547690062	Marionette	INFO	Listening on port 36187
1610547690198	Marionette	WARN	TLS certificate errors will be ignored for this session
JavaScript error: https://wcdn.ril.com/cdn/menuconfig.js, line 1: SyntaxError: unexpected token: identifier
1610547696080	Marionette	INFO	Stopped listening on port 36187
JavaScript error: , line 0: TypeError: ServiceWorker script at https://www.jiomart.com/service-worker.js for scope https://www.jiomart.com/ encountered an error during installation.
JavaScript error: , line 0: TypeError: ServiceWorker script at https://www.jiomart.com/service-worker.js for scope https://www.jiomart.com/ encountered an error during installation.

###!!! [Parent][RunMessage] Error: Channel closing: too late to send/recv, messages will be lost

1610547786088	geckodriver	INFO	Listening on 127.0.0.1:42135
1610547786095	mozrunner::runner	INFO	Running command: "/usr/bin/firefox" "--marionette" "-foreground" "-no-remote" "-profile" "/tmp/rust_mozprofilebx8IT6"
console.warn: SearchSettings: "get: No settings file exists, new profile?" (new Error("", "(unknown module)"))
1610547789642	Marionette	INFO	Listening on port 41253
1610547789750	Marionette	WARN	TLS certificate errors will be ignored for this session
1610547792843	Marionette	INFO	Stopped listening on port 41253
IPDL protocol error: Handler returned error code!

###!!! [Parent][DispatchAsyncMessage] Error: PLayerTransaction::Msg_ReleaseLayer Processing error: message was deserialized, but the handler returned false (indicating failure)

JavaScript error: https://www.jiomart.com/assets/smartweb/js/lazysizes-umd.min.js, line 3: NS_ERROR_NOT_INITIALIZED: 
JavaScript error: resource://gre/modules/UrlClassifierListManager.jsm, line 691: TypeError: this.tablesData[table] is undefined
JavaScript error: , line 0: TypeError: ServiceWorker script at https://www.jiomart.com/service-worker.js for scope https://www.jiomart.com/ encountered an error during installation.

###!!! [Child][RunMessage] Error: Channel closing: too late to send/recv, messages will be lost


###!!! [Child][RunMessage] Error: Channel closing: too late to send/recv, messages will be lost

1610547811636	geckodriver	INFO	Listening on 127.0.0.1:46297
1610547811643	mozrunner::runner	INFO	Running command: "/usr/bin/firefox" "--marionette" "-foreground" "-no-remote" "-profile" "/tmp/rust_mozprofilesDe1sg"
console.warn: SearchSettings: "get: No settings file exists, new profile?" (new Error("", "(unknown module)"))
1610547816926	Marionette	INFO	Listening on port 42319
1610547816992	Marionette	WARN	TLS certificate errors will be ignored for this session
JavaScript error: , line 0: InvalidStateError: An attempt was made to use an object that is not, or is no longer, usable
1610547839289	Marionette	INFO	Stopped listening on port 42319
1610547869545	geckodriver	INFO	Listening on 127.0.0.1:59227
1610547869551	mozrunner::runner	INFO	Running command: "/usr/bin/firefox" "--marionette" "-foreground" "-no-remote" "-profile" "/tmp/rust_mozprofileoW0Rls"
console.warn: SearchSettings: "get: No settings file exists, new profile?" (new Error("", "(unknown module)"))
1610547873229	Marionette	INFO	Listening on port 44425
1610547873314	Marionette	WARN	TLS certificate errors will be ignored for this session
1610547875641	Marionette	INFO	Stopped listening on port 44425
JavaScript error: resource://activity-stream/lib/ASRouter.jsm, line 987: NS_ERROR_ILLEGAL_VALUE: Component returned failure code: 0x80070057 (NS_ERROR_ILLEGAL_VALUE) [nsIObserverService.removeObserver]
console.error: services.settings: 
  main/fxmonitor-breaches Signature failed  TypeError: NetworkError when attempting to fetch resource.
console.error: services.settings: 
  main/message-groups Signature failed  TypeError: NetworkError when attempting to fetch resource.
console.error: services.settings: 
  main/partitioning-exempt-urls Signature failed  TypeError: NetworkError when attempting to fetch resource.
JavaScript error: , line 0: TypeError: ServiceWorker script at https://www.jiomart.com/service-worker.js for scope https://www.jiomart.com/ encountered an error during installation.
1610547937747	geckodriver	INFO	Listening on 127.0.0.1:33561
1610547937754	mozrunner::runner	INFO	Running command: "/usr/bin/firefox" "--marionette" "-foreground" "-no-remote" "-profile" "/tmp/rust_mozprofileCctXds"
console.warn: SearchSettings: "get: No settings file exists, new profile?" (new Error("", "(unknown module)"))
1610547942119	Marionette	INFO	Listening on port 35411
1610547942216	Marionette	WARN	TLS certificate errors will be ignored for this session
JavaScript error: , line 0: InvalidStateError: An attempt was made to use an object that is not, or is no longer, usable
1610547946776	Marionette	INFO	Stopped listening on port 35411
1610547984993	geckodriver	INFO	Listening on 127.0.0.1:32803
1610547985000	mozrunner::runner	INFO	Running command: "/usr/bin/firefox" "--marionette" "-foreground" "-no-remote" "-profile" "/tmp/rust_mozprofileljNDkK"
console.warn: SearchSettings: "get: No settings file exists, new profile?" (new Error("", "(unknown module)"))
1610547988735	Marionette	INFO	Listening on port 36495
1610547988853	Marionette	WARN	TLS certificate errors will be ignored for this session
JavaScript error: , line 0: InvalidStateError: An attempt was made to use an object that is not, or is no longer, usable
1610547995199	Marionette	INFO	Stopped listening on port 36495
1610548054591	geckodriver	INFO	Listening on 127.0.0.1:40349
1610548054597	mozrunner::runner	INFO	Running command: "/usr/bin/firefox" "--marionette" "-foreground" "-no-remote" "-profile" "/tmp/rust_mozprofileFRzr9e"
console.warn: SearchSettings: "get: No settings file exists, new profile?" (new Error("", "(unknown module)"))
1610548058135	Marionette	INFO	Listening on port 46265
1610548058286	Marionette	WARN	TLS certificate errors will be ignored for this session
JavaScript error: , line 0: InvalidStateError: An attempt was made to use an object that is not, or is no longer, usable
1610548063172	Marionette	INFO	Stopped listening on port 46265
1610548223882	geckodriver	INFO	Listening on 127.0.0.1:46839
1610548223887	mozrunner::runner	INFO	Running command: "/usr/bin/firefox" "--marionette" "-foreground" "-no-remote" "-profile" "/tmp/rust_mozprofilebp10LU"
console.warn: SearchSettings: "get: No settings file exists, new profile?" (new Error("", "(unknown module)"))
1610548227816	Marionette	INFO	Listening on port 32889
1610548227949	Marionette	WARN	TLS certificate errors will be ignored for this session
1610548233166	Marionette	INFO	Stopped listening on port 32889
1610548268486	geckodriver	INFO	Listening on 127.0.0.1:32873
1610548268493	mozrunner::runner	INFO	Running command: "/usr/bin/firefox" "--marionette" "-foreground" "-no-remote" "-profile" "/tmp/rust_mozprofileteqVcE"
console.warn: SearchSettings: "get: No settings file exists, new profile?" (new Error("", "(unknown module)"))
1610548273482	Marionette	INFO	Listening on port 45279
1610548273539	Marionette	WARN	TLS certificate errors will be ignored for this session
JavaScript error: , line 0: InvalidStateError: An attempt was made to use an object that is not, or is no longer, usable
1610548283622	Marionette	INFO	Stopped listening on port 45279
1610548383525	geckodriver	INFO	Listening on 127.0.0.1:37323
1610548383532	mozrunner::runner	INFO	Running command: "/usr/bin/firefox" "--marionette" "-foreground" "-no-remote" "-profile" "/tmp/rust_mozprofileChObZa"
console.warn: SearchSettings: "get: No settings file exists, new profile?" (new Error("", "(unknown module)"))
1610548387031	Marionette	INFO	Listening on port 43869
1610548387105	Marionette	WARN	TLS certificate errors will be ignored for this session
1610548390371	Marionette	INFO	Stopped listening on port 43869
1610548422534	geckodriver	INFO	Listening on 127.0.0.1:37891
1610548422540	mozrunner::runner	INFO	Running command: "/usr/bin/firefox" "--marionette" "-foreground" "-no-remote" "-profile" "/tmp/rust_mozprofileBQpwlu"
console.warn: SearchSettings: "get: No settings file exists, new profile?" (new Error("", "(unknown module)"))
1610548426827	Marionette	INFO	Listening on port 46827
1610548426888	Marionette	WARN	TLS certificate errors will be ignored for this session
1610548431429	Marionette	INFO	Stopped listening on port 46827
IPDL protocol error: Handler returned error code!

###!!! [Parent][DispatchAsyncMessage] Error: PLayerTransaction::Msg_ReleaseLayer Processing error: message was deserialized, but the handler returned false (indicating failure)

JavaScript error: resource://devtools/client/jsonview/Sniffer.jsm, line 53: NS_ERROR_NOT_AVAILABLE: Component returned failure code: 0x80040111 (NS_ERROR_NOT_AVAILABLE) [nsIChannel.contentType]
JavaScript error: , line 0: TypeError: ServiceWorker script at https://www.jiomart.com/service-worker.js for scope https://www.jiomart.com/ threw an exception during script evaluation.
1610548544250	geckodriver	INFO	Listening on 127.0.0.1:51631
1610548544260	mozrunner::runner	INFO	Running command: "/usr/bin/firefox" "--marionette" "-foreground" "-no-remote" "-profile" "/tmp/rust_mozprofileeJmLZv"
console.warn: SearchSettings: "get: No settings file exists, new profile?" (new Error("", "(unknown module)"))
1610548548045	Marionette	INFO	Listening on port 35145
1610548548122	Marionette	WARN	TLS certificate errors will be ignored for this session
1610548550229	Marionette	INFO	Stopped listening on port 35145
JavaScript error: resource://gre/modules/UrlClassifierListManager.jsm, line 691: TypeError: this.tablesData[table] is undefined
JavaScript error: , line 0: TypeError: ServiceWorker script at https://www.jiomart.com/service-worker.js for scope https://www.jiomart.com/ encountered an error during installation.
1610548615025	geckodriver	INFO	Listening on 127.0.0.1:38189
1610548615031	mozrunner::runner	INFO	Running command: "/usr/bin/firefox" "--marionette" "-foreground" "-no-remote" "-profile" "/tmp/rust_mozprofiletuh3Ts"
console.warn: SearchSettings: "get: No settings file exists, new profile?" (new Error("", "(unknown module)"))
1610548618693	Marionette	INFO	Listening on port 36125
1610548618789	Marionette	WARN	TLS certificate errors will be ignored for this session
1610548622188	Marionette	INFO	Stopped listening on port 36125
JavaScript error: , line 0: TypeError: ServiceWorker script at https://www.jiomart.com/service-worker.js for scope https://www.jiomart.com/ encountered an error during installation.
JavaScript error: , line 0: TypeError: ServiceWorker script at https://www.jiomart.com/service-worker.js for scope https://www.jiomart.com/ encountered an error during installation.
1610548632379	geckodriver	INFO	Listening on 127.0.0.1:55703
1610548632384	mozrunner::runner	INFO	Running command: "/usr/bin/firefox" "--marionette" "-foreground" "-no-remote" "-profile" "/tmp/rust_mozprofilechztuN"
console.warn: SearchSettings: "get: No settings file exists, new profile?" (new Error("", "(unknown module)"))
1610548636316	Marionette	INFO	Listening on port 37533
1610548636499	Marionette	WARN	TLS certificate errors will be ignored for this session
JavaScript error: , line 0: InvalidStateError: An attempt was made to use an object that is not, or is no longer, usable
1610548644377	Marionette	INFO	Stopped listening on port 37533
1610548672051	geckodriver	INFO	Listening on 127.0.0.1:38509
1610548672057	mozrunner::runner	INFO	Running command: "/usr/bin/firefox" "--marionette" "-foreground" "-no-remote" "-profile" "/tmp/rust_mozprofilewNg6vC"
console.warn: SearchSettings: "get: No settings file exists, new profile?" (new Error("", "(unknown module)"))
1610548676674	Marionette	INFO	Listening on port 46617
1610548676813	Marionette	WARN	TLS certificate errors will be ignored for this session
1610548682709	Marionette	INFO	Stopped listening on port 46617
JavaScript error: resource://activity-stream/lib/ASRouter.jsm, line 987: NS_ERROR_ILLEGAL_VALUE: Component returned failure code: 0x80070057 (NS_ERROR_ILLEGAL_VALUE) [nsIObserverService.removeObserver]
1610636101773	geckodriver	INFO	Listening on 127.0.0.1:45973
1610636102719	mozrunner::runner	INFO	Running command: "/usr/bin/firefox" "--marionette" "-foreground" "-no-remote" "-profile" "/tmp/rust_mozprofileC3mGxC"
console.warn: SearchSettings: "get: No settings file exists, new profile?" (new Error("", "(unknown module)"))
1610636111941	Marionette	INFO	Listening on port 33835
1610636112032	Marionette	WARN	TLS certificate errors will be ignored for this session
JavaScript error: , line 0: InvalidStateError: An attempt was made to use an object that is not, or is no longer, usable
1610636177280	Marionette	INFO	Stopped listening on port 33835
1610636181615	geckodriver	INFO	Listening on 127.0.0.1:60903
1610636181641	mozrunner::runner	INFO	Running command: "/usr/bin/firefox" "--marionette" "-foreground" "-no-remote" "-profile" "/tmp/rust_mozprofilegTSSYj"
console.warn: SearchSettings: "get: No settings file exists, new profile?" (new Error("", "(unknown module)"))
1610636186784	Marionette	INFO	Listening on port 42397
1610636186901	Marionette	WARN	TLS certificate errors will be ignored for this session
JavaScript error: , line 0: InvalidStateError: An attempt was made to use an object that is not, or is no longer, usable
1610636232171	Marionette	INFO	Stopped listening on port 42397
1610636988620	geckodriver	INFO	Listening on 127.0.0.1:52697
1610636988640	mozrunner::runner	INFO	Running command: "/usr/bin/firefox" "--marionette" "-foreground" "-no-remote" "-profile" "/tmp/rust_mozprofileJaDFnV"
console.warn: SearchSettings: "get: No settings file exists, new profile?" (new Error("", "(unknown module)"))
1610636993570	Marionette	INFO	Listening on port 33719
1610636993694	Marionette	WARN	TLS certificate errors will be ignored for this session
JavaScript error: , line 0: InvalidStateError: An attempt was made to use an object that is not, or is no longer, usable
1610637194403	Marionette	INFO	Stopped listening on port 33719
1610637425054	geckodriver	INFO	Listening on 127.0.0.1:35553
1610637425084	mozrunner::runner	INFO	Running command: "/usr/bin/firefox" "--marionette" "-foreground" "-no-remote" "-profile" "/tmp/rust_mozprofileYqRU2i"
console.warn: SearchSettings: "get: No settings file exists, new profile?" (new Error("", "(unknown module)"))
1610637430762	Marionette	INFO	Listening on port 36979
1610637431070	Marionette	WARN	TLS certificate errors will be ignored for this session
JavaScript error: resource://gre/modules/XULStore.jsm, line 66: Error: Can't find profile directory.
JavaScript error: resource://gre/modules/XULStore.jsm, line 66: Error: Can't find profile directory.
JavaScript error: resource://gre/modules/XULStore.jsm, line 66: Error: Can't find profile directory.
JavaScript error: resource://gre/modules/XULStore.jsm, line 66: Error: Can't find profile directory.
JavaScript error: resource://gre/modules/XULStore.jsm, line 66: Error: Can't find profile directory.
JavaScript error: resource://gre/modules/XULStore.jsm, line 66: Error: Can't find profile directory.
JavaScript error: , line 0: AbortError: Actor 'ASRouter' destroyed before query 'NEWTAB_MESSAGE_REQUEST' was resolved
JavaScript error: , line 0: InvalidStateError: An attempt was made to use an object that is not, or is no longer, usable
1610637589206	Marionette	INFO	Stopped listening on port 36979
JavaScript error: , line 0: AbortError: Actor 'ASRouter' destroyed before query 'NEWTAB_MESSAGE_REQUEST' was resolved
1610637682196	geckodriver	INFO	Listening on 127.0.0.1:51655
1610637682203	mozrunner::runner	INFO	Running command: "/usr/bin/firefox" "--marionette" "-foreground" "-no-remote" "-profile" "/tmp/rust_mozprofilewpL2sp"
console.warn: SearchSettings: "get: No settings file exists, new profile?" (new Error("", "(unknown module)"))
1610637685774	Marionette	INFO	Listening on port 40419
1610637685862	Marionette	WARN	TLS certificate errors will be ignored for this session
JavaScript error: , line 0: InvalidStateError: An attempt was made to use an object that is not, or is no longer, usable
1610638010326	Marionette	INFO	Stopped listening on port 40419
1610640354671	geckodriver	INFO	Listening on 127.0.0.1:40447
1610640355616	mozrunner::runner	INFO	Running command: "/usr/bin/firefox" "--marionette" "-foreground" "-no-remote" "-profile" "/tmp/rust_mozprofilelW7hhY"
console.warn: SearchSettings: "get: No settings file exists, new profile?" (new Error("", "(unknown module)"))
1610640364022	Marionette	INFO	Listening on port 34689
1610640364103	Marionette	WARN	TLS certificate errors will be ignored for this session
1610640378128	geckodriver	INFO	Listening on 127.0.0.1:44839
1610640378134	mozrunner::runner	INFO	Running command: "/usr/bin/firefox" "--marionette" "-foreground" "-no-remote" "-profile" "/tmp/rust_mozprofile6OysZ6"
1610640431575	geckodriver	INFO	Listening on 127.0.0.1:36001
1610640431584	mozrunner::runner	INFO	Running command: "/usr/bin/firefox" "--marionette" "-foreground" "-no-remote" "-profile" "/tmp/rust_mozprofileU1dWAT"
console.warn: SearchSettings: "get: No settings file exists, new profile?" (new Error("", "(unknown module)"))
1610640436135	Marionette	INFO	Listening on port 36095
1610640436244	Marionette	WARN	TLS certificate errors will be ignored for this session
JavaScript error: , line 0: InvalidStateError: An attempt was made to use an object that is not, or is no longer, usable
1610640479518	Marionette	INFO	Stopped listening on port 36095
1610640496398	Marionette	INFO	Stopped listening on port 34689
1610640594453	geckodriver	INFO	Listening on 127.0.0.1:33203
1610640594460	mozrunner::runner	INFO	Running command: "/usr/bin/firefox" "--marionette" "-foreground" "-no-remote" "-profile" "/tmp/rust_mozprofileqJ7YFb"
console.warn: SearchSettings: "get: No settings file exists, new profile?" (new Error("", "(unknown module)"))
1610640597897	Marionette	INFO	Listening on port 39449
1610640598004	Marionette	WARN	TLS certificate errors will be ignored for this session
JavaScript error: , line 0: InvalidStateError: An attempt was made to use an object that is not, or is no longer, usable
1610640739064	Marionette	INFO	Stopped listening on port 39449
1610643128416	geckodriver	INFO	Listening on 127.0.0.1:57055
1610643128525	mozrunner::runner	INFO	Running command: "/usr/bin/firefox" "--marionette" "-foreground" "-no-remote" "-profile" "/tmp/rust_mozprofiledlxtZ3"
console.warn: SearchSettings: "get: No settings file exists, new profile?" (new Error("", "(unknown module)"))
1610643133149	Marionette	INFO	Listening on port 36847
1610643133276	Marionette	WARN	TLS certificate errors will be ignored for this session
JavaScript error: , line 0: InvalidStateError: An attempt was made to use an object that is not, or is no longer, usable
1610643162907	Marionette	INFO	Stopped listening on port 36847
1610643377106	geckodriver	INFO	Listening on 127.0.0.1:60893
1610643377113	mozrunner::runner	INFO	Running command: "/usr/bin/firefox" "--marionette" "-foreground" "-no-remote" "-profile" "/tmp/rust_mozprofileXODNPk"
console.warn: SearchSettings: "get: No settings file exists, new profile?" (new Error("", "(unknown module)"))
1610643380597	Marionette	INFO	Listening on port 34357
1610643380656	Marionette	WARN	TLS certificate errors will be ignored for this session
JavaScript error: , line 0: InvalidStateError: An attempt was made to use an object that is not, or is no longer, usable
1610643537880	Marionette	INFO	Stopped listening on port 34357
1610643816837	geckodriver	INFO	Listening on 127.0.0.1:55747
1610643817817	mozrunner::runner	INFO	Running command: "/usr/bin/firefox" "--marionette" "-foreground" "-no-remote" "-profile" "/tmp/rust_mozprofileIPWOip"
console.warn: SearchSettings: "get: No settings file exists, new profile?" (new Error("", "(unknown module)"))
1610643828800	Marionette	INFO	Listening on port 37559
1610643828916	Marionette	WARN	TLS certificate errors will be ignored for this session
1610644007386	Marionette	INFO	Stopped listening on port 37559
